[26Apr2025 00:00:43.520] [Server thread/INFO] [net.minecraft.server.MinecraftServer/]: [Not Secure] <Torig10> alv
[26Apr2025 00:01:00.378] [Server thread/INFO] [net.minecraft.server.MinecraftServer/]: [Not Secure] <o8h_msmc_jw5> full manacero
[26Apr2025 00:01:14.621] [Server thread/INFO] [net.minecraft.server.MinecraftServer/]: [Not Secure] <Torig10> xd
[26Apr2025 00:01:23.967] [Server thread/INFO] [net.minecraft.server.MinecraftServer/]: [Not Secure] <Tfue1nfiel> oe pasame rop ap dx
[26Apr2025 00:02:23.432] [Server thread/INFO] [net.minecraft.server.network.ServerGamePacketListenerImpl/]: Torig10 lost connection: Timed out
[26Apr2025 00:02:23.432] [Server thread/INFO] [net.minecraft.server.MinecraftServer/]: Torig10 left the game
[26Apr2025 00:02:23.433] [Server thread/INFO] [voicechat/]: [voicechat] Disconnecting client Torig10
[26Apr2025 00:02:30.940] [Server thread/INFO] [net.minecraft.server.players.PlayerList/]: Torig10[/127.97.212.53:57097] logged in with entity id 50199 at (-594.1347842727439, 98.0, -1127.8236384500838)
[26Apr2025 00:02:30.979] [Server thread/INFO] [net.minecraft.server.MinecraftServer/]: Torig10 joined the game
[26Apr2025 00:02:31.049] [Server thread/INFO] [Jade/]: Syncing config to Torig10 (efdca156-5ed8-384c-860e-49963310e251)
[26Apr2025 00:02:32.027] [Server thread/INFO] [voicechat/]: [voicechat] Received secret request of Torig10 (18)
[26Apr2025 00:02:32.028] [Server thread/INFO] [voicechat/]: [voicechat] Sent secret to Torig10
[26Apr2025 00:02:37.425] [Server thread/INFO] [net.minecraft.server.MinecraftServer/]: Tfue1nfiel has made the advancement [Best Friends Forever]
[26Apr2025 00:02:53.982] [Server thread/INFO] [net.minecraft.server.MinecraftServer/]: [Not Secure] <Torig10> mira
[26Apr2025 00:02:58.217] [Server thread/INFO] [net.minecraft.server.MinecraftServer/]: o8h_msmc_jw5 has made the advancement [Carbonated Swim]
[26Apr2025 00:03:04.576] [Server thread/INFO] [net.minecraft.server.MinecraftServer/]: [Not Secure] <Torig10> soda
[26Apr2025 00:03:05.687] [Server thread/INFO] [net.minecraft.server.MinecraftServer/]: [Not Secure] <Torig10> xd
[26Apr2025 00:03:05.690] [Server thread/INFO] [net.minecraft.server.MinecraftServer/]: [Not Secure] <Shadow_Mijal> XD
[26Apr2025 00:03:18.121] [Server thread/WARN] [net.minecraft.server.network.ServerGamePacketListenerImpl/]: Torig10 moved wrongly!
[26Apr2025 00:03:57.168] [Server thread/INFO] [net.minecraft.server.MinecraftServer/]: [Not Secure] <Tfue1nfiel> tp¿?
[26Apr2025 00:04:25.173] [Server thread/INFO] [net.minecraft.server.MinecraftServer/]: [Not Secure] <o8h_msmc_jw5> aceite
[26Apr2025 00:04:26.116] [Server thread/INFO] [net.minecraft.server.MinecraftServer/]: [Not Secure] <ElAkakali> pasen leche
[26Apr2025 00:04:33.129] [Server thread/INFO] [net.minecraft.server.MinecraftServer/]: [Not Secure] <Torig10> no tengo
[26Apr2025 00:04:35.878] [Server thread/INFO] [net.minecraft.server.MinecraftServer/]: [Not Secure] <o8h_msmc_jw5> voy por ovejas
[26Apr2025 00:04:55.922] [Server thread/INFO] [net.minecraft.server.MinecraftServer/]: [Not Secure] <o8h_msmc_jw5> asu
[26Apr2025 00:04:59.812] [Server thread/INFO] [net.minecraft.server.MinecraftServer/]: [Not Secure] <o8h_msmc_jw5> le pegas a la mascota
[26Apr2025 00:07:09.320] [Server thread/INFO] [net.minecraft.server.MinecraftServer/]: Shadow_Mijal has made the advancement [Crops of the Wild]
[26Apr2025 00:08:19.696] [ForkJoinPool.commonPool-worker-29/WARN] [SkinRestorer/]: Failed to fetch skin: not found
[26Apr2025 00:08:19.736] [Server thread/INFO] [net.minecraft.server.players.PlayerList/]: Edlynne1[/127.27.210.132:48713] logged in with entity id 52923 at (-566.3086808614459, 98.5, -1132.7944410406433)
[26Apr2025 00:08:19.767] [Server thread/INFO] [net.minecraft.server.MinecraftServer/]: Edlynne1 joined the game
[26Apr2025 00:08:19.863] [Server thread/INFO] [Jade/]: Syncing config to Edlynne1 (5859f988-fa7a-33a5-9c28-10d7eeb31539)
[26Apr2025 00:08:20.807] [Server thread/INFO] [voicechat/]: [voicechat] Received secret request of Edlynne1 (18)
[26Apr2025 00:08:20.807] [Server thread/INFO] [voicechat/]: [voicechat] Sent secret to Edlynne1
[26Apr2025 00:08:53.453] [Server thread/INFO] [net.minecraft.server.MinecraftServer/]: [Not Secure] <Edlynne1> oye
[26Apr2025 00:08:57.698] [Server thread/INFO] [net.minecraft.server.MinecraftServer/]: Shadow_Mijal has made the advancement [Isn't It Iron Pick]
[26Apr2025 00:09:00.615] [Server thread/INFO] [net.minecraft.server.MinecraftServer/]: [Not Secure] <Edlynne1> no cuidas el caballo
[26Apr2025 00:09:02.832] [Server thread/INFO] [net.minecraft.server.MinecraftServer/]: [Not Secure] <Edlynne1> casi se mata
[26Apr2025 00:09:03.836] [Server thread/WARN] [net.minecraft.server.MinecraftServer/]: Can't keep up! Is the server overloaded? Running 2012ms or 40 ticks behind
[26Apr2025 00:09:17.309] [Server thread/INFO] [net.minecraft.server.MinecraftServer/]: [Not Secure] <o8h_msmc_jw5> traje ovejas
[26Apr2025 00:09:20.907] [Server thread/WARN] [net.minecraft.server.MinecraftServer/]: Can't keep up! Is the server overloaded? Running 2083ms or 41 ticks behind
[26Apr2025 00:09:30.103] [Server thread/INFO] [net.minecraft.server.MinecraftServer/]: [Not Secure] <o8h_msmc_jw5> como las meto xd
[26Apr2025 00:09:35.898] [Server thread/INFO] [net.minecraft.server.MinecraftServer/]: [Not Secure] <Tfue1nfiel> no c
[26Apr2025 00:09:40.154] [Server thread/INFO] [net.minecraft.server.MinecraftServer/]: [Not Secure] <Shadow_Mijal> ???
[26Apr2025 00:09:42.826] [Server thread/INFO] [net.minecraft.server.MinecraftServer/]: [Not Secure] <Tfue1nfiel> ?
[26Apr2025 00:09:45.174] [Server thread/WARN] [net.minecraft.server.MinecraftServer/]: Can't keep up! Is the server overloaded? Running 2001ms or 40 ticks behind
[26Apr2025 00:09:45.916] [Server thread/INFO] [net.minecraft.server.MinecraftServer/]: [Not Secure] <ElAkakali> ?
[26Apr2025 00:09:54.152] [Server thread/INFO] [net.minecraft.server.MinecraftServer/]: [Not Secure] <Edlynne1> XDDDDDD
[26Apr2025 00:10:46.741] [Server thread/WARN] [net.minecraft.server.MinecraftServer/]: Can't keep up! Is the server overloaded? Running 2018ms or 40 ticks behind
[26Apr2025 00:11:04.267] [Server thread/WARN] [net.minecraft.server.MinecraftServer/]: Can't keep up! Is the server overloaded? Running 2543ms or 50 ticks behind
[26Apr2025 00:11:22.291] [Server thread/WARN] [net.minecraft.server.MinecraftServer/]: Can't keep up! Is the server overloaded? Running 3068ms or 61 ticks behind
[26Apr2025 00:11:23.988] [Server thread/INFO] [net.minecraft.server.MinecraftServer/]: [Not Secure] <o8h_msmc_jw5> maria tienes tu mochila en lvl oro?
[26Apr2025 00:11:27.248] [Server thread/INFO] [net.minecraft.server.MinecraftServer/]: [Not Secure] <o8h_msmc_jw5> para mejorartela
[26Apr2025 00:11:34.146] [Server thread/INFO] [net.minecraft.server.MinecraftServer/]: [Not Secure] <Edlynne1> si oro
[26Apr2025 00:11:37.538] [Server thread/INFO] [net.minecraft.server.MinecraftServer/]: [Not Secure] <o8h_msmc_jw5> ta bn
[26Apr2025 00:11:37.940] [Server thread/INFO] [net.minecraft.server.MinecraftServer/]: [Not Secure] <Edlynne1> ya lo tengo
[26Apr2025 00:11:39.695] [Server thread/WARN] [net.minecraft.server.MinecraftServer/]: Can't keep up! Is the server overloaded? Running 2421ms or 48 ticks behind
[26Apr2025 00:12:07.834] [Server thread/WARN] [net.minecraft.server.MinecraftServer/]: Can't keep up! Is the server overloaded? Running 2010ms or 40 ticks behind
[26Apr2025 00:12:32.133] [Server thread/WARN] [net.minecraft.server.MinecraftServer/]: Can't keep up! Is the server overloaded? Running 2009ms or 40 ticks behind
[26Apr2025 00:12:50.118] [Server thread/WARN] [net.minecraft.server.MinecraftServer/]: Can't keep up! Is the server overloaded? Running 2994ms or 59 ticks behind
[26Apr2025 00:13:46.772] [Server thread/INFO] [net.minecraft.server.MinecraftServer/]: Tfue1nfiel has made the advancement [Monster Hunter]
[26Apr2025 00:15:55.428] [Server thread/INFO] [net.minecraft.server.MinecraftServer/]: Tfue1nfiel fell from a high place
[26Apr2025 00:15:55.431] [Server thread/INFO] [tombstone/]: The player Tfue1nfiel has successfully been saved
[26Apr2025 00:16:01.985] [Server thread/INFO] [net.minecraft.server.MinecraftServer/]: [Not Secure] <Tfue1nfiel> tp
[26Apr2025 00:16:14.938] [Server thread/INFO] [net.minecraft.server.MinecraftServer/]: Tfue1nfiel has made the advancement [Knowledge of Death]
[26Apr2025 00:16:14.938] [Server thread/INFO] [net.minecraft.server.MinecraftServer/]: Tfue1nfiel has reached the goal [A Fast Comeback]
[26Apr2025 00:16:21.500] [Server thread/INFO] [net.minecraft.server.MinecraftServer/]: Tfue1nfiel has reached the goal [Here They Come]
[26Apr2025 00:17:02.660] [Server thread/INFO] [net.minecraft.server.network.ServerGamePacketListenerImpl/]: Torig10 lost connection: Timed out
[26Apr2025 00:17:02.660] [Server thread/INFO] [net.minecraft.server.MinecraftServer/]: Torig10 left the game
[26Apr2025 00:17:02.661] [Server thread/INFO] [voicechat/]: [voicechat] Disconnecting client Torig10
[26Apr2025 00:17:03.422] [Server thread/INFO] [net.minecraft.server.MinecraftServer/]: [Not Secure] <ElAkakali> ola
[26Apr2025 00:17:04.364] [Server thread/INFO] [net.minecraft.server.MinecraftServer/]: [Not Secure] <Edlynne1> kkli
[26Apr2025 00:17:10.514] [Server thread/INFO] [net.minecraft.server.MinecraftServer/]: [Not Secure] <Edlynne1> tienes troncos blancos?
[26Apr2025 00:17:16.732] [Server thread/INFO] [net.minecraft.server.MinecraftServer/]: [Not Secure] <ElAkakali> naonao
[26Apr2025 00:17:20.214] [Server thread/INFO] [net.minecraft.server.MinecraftServer/]: [Not Secure] <Edlynne1> :c
[26Apr2025 00:17:20.562] [Server thread/INFO] [net.minecraft.server.MinecraftServer/]: [Not Secure] <ElAkakali> :(
[26Apr2025 00:17:24.617] [Server thread/INFO] [net.minecraft.server.MinecraftServer/]: [Not Secure] <ElAkakali> solo hay negre
[26Apr2025 00:17:30.761] [Server thread/INFO] [net.minecraft.server.MinecraftServer/]: Cronotermio has reached the goal [Bone Crusher]
[26Apr2025 00:17:40.420] [Server thread/WARN] [net.minecraft.server.level.ServerPlayerGameMode/]: Mismatch in destroy block pos: BlockPos{x=-539, y=89, z=-1164} BlockPos{x=-541, y=87, z=-1164}
[26Apr2025 00:17:40.484] [Server thread/WARN] [net.minecraft.server.level.ServerPlayerGameMode/]: Mismatch in destroy block pos: BlockPos{x=-539, y=89, z=-1164} BlockPos{x=-541, y=87, z=-1164}
[26Apr2025 00:17:40.528] [Server thread/WARN] [net.minecraft.server.level.ServerPlayerGameMode/]: Mismatch in destroy block pos: BlockPos{x=-538, y=88, z=-1164} BlockPos{x=-541, y=87, z=-1164}
[26Apr2025 00:17:40.575] [Server thread/WARN] [net.minecraft.server.level.ServerPlayerGameMode/]: Mismatch in destroy block pos: BlockPos{x=-538, y=88, z=-1164} BlockPos{x=-541, y=87, z=-1164}
[26Apr2025 00:17:40.862] [Server thread/WARN] [net.minecraft.server.level.ServerPlayerGameMode/]: Mismatch in destroy block pos: BlockPos{x=-537, y=88, z=-1164} BlockPos{x=-538, y=87, z=-1165}
[26Apr2025 00:17:40.868] [Server thread/WARN] [net.minecraft.server.level.ServerPlayerGameMode/]: Mismatch in destroy block pos: BlockPos{x=-537, y=88, z=-1164} BlockPos{x=-538, y=87, z=-1165}
[26Apr2025 00:17:40.923] [Server thread/WARN] [net.minecraft.server.level.ServerPlayerGameMode/]: Mismatch in destroy block pos: BlockPos{x=-537, y=88, z=-1164} BlockPos{x=-538, y=87, z=-1165}
[26Apr2025 00:17:40.991] [Server thread/WARN] [net.minecraft.server.level.ServerPlayerGameMode/]: Mismatch in destroy block pos: BlockPos{x=-537, y=88, z=-1164} BlockPos{x=-538, y=87, z=-1165}
[26Apr2025 00:17:41.045] [Server thread/WARN] [net.minecraft.server.level.ServerPlayerGameMode/]: Mismatch in destroy block pos: BlockPos{x=-537, y=88, z=-1164} BlockPos{x=-538, y=87, z=-1165}
[26Apr2025 00:17:41.091] [Server thread/WARN] [net.minecraft.server.level.ServerPlayerGameMode/]: Mismatch in destroy block pos: BlockPos{x=-539, y=89, z=-1165} BlockPos{x=-538, y=87, z=-1165}
[26Apr2025 00:17:41.140] [Server thread/WARN] [net.minecraft.server.level.ServerPlayerGameMode/]: Mismatch in destroy block pos: BlockPos{x=-539, y=89, z=-1165} BlockPos{x=-538, y=87, z=-1165}
[26Apr2025 00:17:41.232] [Server thread/WARN] [net.minecraft.server.level.ServerPlayerGameMode/]: Mismatch in destroy block pos: BlockPos{x=-539, y=89, z=-1165} BlockPos{x=-538, y=87, z=-1165}
[26Apr2025 00:17:42.317] [Server thread/WARN] [net.minecraft.server.level.ServerPlayerGameMode/]: Mismatch in destroy block pos: BlockPos{x=-537, y=88, z=-1166} BlockPos{x=-538, y=87, z=-1168}
[26Apr2025 00:17:42.319] [Server thread/WARN] [net.minecraft.server.level.ServerPlayerGameMode/]: Mismatch in destroy block pos: BlockPos{x=-537, y=88, z=-1166} BlockPos{x=-538, y=87, z=-1168}
[26Apr2025 00:17:52.580] [Server thread/INFO] [net.minecraft.server.players.PlayerList/]: Torig10[/127.97.212.53:47901] logged in with entity id 60802 at (-639.858837297104, 102.0, -1097.8970169685106)
[26Apr2025 00:17:52.618] [Server thread/INFO] [net.minecraft.server.MinecraftServer/]: Torig10 joined the game
[26Apr2025 00:17:52.707] [Server thread/INFO] [Jade/]: Syncing config to Torig10 (efdca156-5ed8-384c-860e-49963310e251)
[26Apr2025 00:17:53.812] [Server thread/INFO] [voicechat/]: [voicechat] Received secret request of Torig10 (18)
[26Apr2025 00:17:53.812] [Server thread/INFO] [voicechat/]: [voicechat] Sent secret to Torig10
[26Apr2025 00:18:07.516] [Server thread/WARN] [net.minecraft.server.level.ServerPlayerGameMode/]: Mismatch in destroy block pos: BlockPos{x=-538, y=89, z=-1166} BlockPos{x=-539, y=87, z=-1167}
[26Apr2025 00:18:09.220] [Server thread/WARN] [net.minecraft.server.level.ServerPlayerGameMode/]: Mismatch in destroy block pos: BlockPos{x=-537, y=89, z=-1166} BlockPos{x=-538, y=87, z=-1167}
[26Apr2025 00:18:12.967] [Server thread/INFO] [net.minecraft.server.MinecraftServer/]: Shadow_Mijal has made the advancement [Monster Hunter]
[26Apr2025 00:18:33.063] [Server thread/INFO] [net.minecraft.server.MinecraftServer/]: Tfue1nfiel has made the advancement [A Strange Grave Dust]
[26Apr2025 00:19:46.322] [Server thread/INFO] [net.minecraft.server.MinecraftServer/]: Shadow_Mijal has made the advancement [Knowledge of Death]
[26Apr2025 00:19:46.322] [Server thread/INFO] [net.minecraft.server.MinecraftServer/]: Shadow_Mijal has made the advancement [Ambush]
[26Apr2025 00:20:00.997] [Server thread/INFO] [net.minecraft.server.MinecraftServer/]: Tfue1nfiel has made the advancement [Ashes 'n Bones]
[26Apr2025 00:20:17.484] [Server thread/WARN] [net.minecraft.server.MinecraftServer/]: Can't keep up! Is the server overloaded? Running 2010ms or 40 ticks behind
[26Apr2025 00:20:27.408] [Server thread/INFO] [net.minecraft.server.MinecraftServer/]: Cronotermio has made the advancement [Diamonds!]
[26Apr2025 00:20:52.602] [Server thread/INFO] [net.minecraft.server.MinecraftServer/]: Torig10 has made the advancement [A Seedy Place]
[26Apr2025 00:21:54.129] [Server thread/WARN] [net.minecraft.server.MinecraftServer/]: Can't keep up! Is the server overloaded? Running 2005ms or 40 ticks behind
[26Apr2025 00:22:26.966] [Server thread/INFO] [net.minecraft.server.MinecraftServer/]: Cronotermio has made the advancement [Into Fire]
[26Apr2025 00:22:58.134] [Server thread/WARN] [net.minecraft.server.MinecraftServer/]: Can't keep up! Is the server overloaded? Running 2010ms or 40 ticks behind
[26Apr2025 00:23:06.177] [Server thread/INFO] [net.minecraft.server.MinecraftServer/]: Tfue1nfiel has made the advancement [Stone Age]
[26Apr2025 00:23:09.778] [Server thread/INFO] [net.minecraft.server.MinecraftServer/]: Tfue1nfiel was shot by Skeleton
[26Apr2025 00:23:09.791] [Server thread/INFO] [tombstone/]: The player Tfue1nfiel has successfully been saved
[26Apr2025 00:23:35.867] [Server thread/INFO] [net.minecraft.server.MinecraftServer/]: Tfue1nfiel has reached the goal [Chain Death]
[26Apr2025 00:23:35.868] [Server thread/INFO] [net.minecraft.server.MinecraftServer/]: Tfue1nfiel was slain by Mimic
[26Apr2025 00:23:35.879] [Server thread/INFO] [tombstone/]: The player Tfue1nfiel has successfully been saved
[26Apr2025 00:23:52.823] [Server thread/INFO] [net.minecraft.server.MinecraftServer/]: Tfue1nfiel has made the advancement [Chest Slayer]
[26Apr2025 00:24:56.765] [Server thread/INFO] [net.minecraft.server.MinecraftServer/]: Tfue1nfiel has made the advancement [Take Aim]
[26Apr2025 00:24:56.766] [Server thread/INFO] [net.minecraft.server.MinecraftServer/]: Tfue1nfiel has made the advancement [A Throwaway Joke]
[26Apr2025 00:25:15.615] [Server thread/INFO] [net.minecraft.server.MinecraftServer/]: o8h_msmc_jw5 has made the advancement [Take Aim]
[26Apr2025 00:25:23.213] [Server thread/INFO] [net.minecraft.server.MinecraftServer/]: [Not Secure] <o8h_msmc_jw5> para el logro
[26Apr2025 00:25:23.278] [Server thread/INFO] [net.minecraft.server.MinecraftServer/]: Shadow_Mijal has made the advancement [Stone Age]
[26Apr2025 00:25:43.067] [Server thread/INFO] [net.minecraft.server.MinecraftServer/]: [Not Secure] <Edlynne1> xd
[26Apr2025 00:25:45.112] [Server thread/INFO] [net.minecraft.server.MinecraftServer/]: [Not Secure] <o8h_msmc_jw5> xd
[26Apr2025 00:25:54.103] [Server thread/INFO] [net.minecraft.server.MinecraftServer/]: Tfue1nfiel has made the advancement [Not a Diamond]
[26Apr2025 00:25:54.103] [Server thread/INFO] [net.minecraft.server.MinecraftServer/]: Tfue1nfiel has reached the goal [Flawless Crystals]
[26Apr2025 00:26:04.658] [Server thread/INFO] [net.minecraft.server.MinecraftServer/]: [Not Secure] <o8h_msmc_jw5> aea
[26Apr2025 00:26:07.350] [Server thread/INFO] [net.minecraft.server.MinecraftServer/]: Tfue1nfiel was slain by Zombie
[26Apr2025 00:26:07.364] [Server thread/INFO] [tombstone/]: The player Tfue1nfiel has successfully been saved
[26Apr2025 00:26:13.921] [Server thread/INFO] [net.minecraft.server.MinecraftServer/]: [Not Secure] <o8h_msmc_jw5> xq tu flecha me congela
[26Apr2025 00:26:15.464] [Server thread/INFO] [net.minecraft.server.MinecraftServer/]: [Not Secure] <o8h_msmc_jw5> asi son
[26Apr2025 00:26:22.761] [Server thread/WARN] [net.minecraft.server.network.ServerGamePacketListenerImpl/]: Cronotermio moved wrongly!
[26Apr2025 00:27:00.812] [Server thread/INFO] [net.minecraft.server.MinecraftServer/]: [Not Secure] <Edlynne1> paz
[26Apr2025 00:27:09.708] [Server thread/INFO] [net.minecraft.server.MinecraftServer/]: [Not Secure] <o8h_msmc_jw5> sis
[26Apr2025 00:27:11.957] [Server thread/INFO] [net.minecraft.server.MinecraftServer/]: [Not Secure] <Edlynne1> oye
[26Apr2025 00:27:13.627] [Server thread/INFO] [net.minecraft.server.MinecraftServer/]: [Not Secure] <Edlynne1> tienes
[26Apr2025 00:27:22.011] [Server thread/INFO] [net.minecraft.server.MinecraftServer/]: [Not Secure] <Edlynne1> eso?
[26Apr2025 00:27:27.564] [Server thread/INFO] [net.minecraft.server.MinecraftServer/]: [Not Secure] <o8h_msmc_jw5> a
[26Apr2025 00:27:28.911] [Server thread/INFO] [net.minecraft.server.MinecraftServer/]: [Not Secure] <o8h_msmc_jw5> non
[26Apr2025 00:27:30.927] [Server thread/INFO] [net.minecraft.server.MinecraftServer/]: [Not Secure] <Edlynne1> :c
[26Apr2025 00:27:34.866] [Server thread/INFO] [net.minecraft.server.MinecraftServer/]: [Not Secure] <o8h_msmc_jw5> voy a talar si quieres
[26Apr2025 00:27:37.761] [Server thread/INFO] [net.minecraft.server.MinecraftServer/]: [Not Secure] <Edlynne1> yaa
[26Apr2025 00:27:38.807] [Server thread/INFO] [net.minecraft.server.MinecraftServer/]: [Not Secure] <Edlynne1> si
[26Apr2025 00:27:42.161] [Server thread/INFO] [net.minecraft.server.MinecraftServer/]: [Not Secure] <Edlynne1> porfas
[26Apr2025 00:27:55.211] [Server thread/INFO] [net.minecraft.server.MinecraftServer/]: [Not Secure] <o8h_msmc_jw5> yia
[26Apr2025 00:28:13.653] [Server thread/INFO] [net.minecraft.server.MinecraftServer/]: Tfue1nfiel was blown up by Cave Creeper
[26Apr2025 00:28:13.676] [Server thread/INFO] [tombstone/]: The player Tfue1nfiel has successfully been saved
[26Apr2025 00:28:52.150] [Server thread/INFO] [net.minecraft.server.MinecraftServer/]: [Not Secure] <Edlynne1> xd
[26Apr2025 00:32:45.554] [Server thread/INFO] [net.minecraft.server.MinecraftServer/]: Tfue1nfiel has made the advancement [Diamonds!]
[26Apr2025 00:32:52.926] [Server thread/WARN] [net.minecraft.server.MinecraftServer/]: Can't keep up! Is the server overloaded? Running 2003ms or 40 ticks behind
[26Apr2025 00:33:11.448] [Server thread/WARN] [net.minecraft.server.network.ServerGamePacketListenerImpl/]: Cronotermio moved wrongly!
[26Apr2025 00:33:50.314] [Server thread/INFO] [net.minecraft.server.MinecraftServer/]: [Not Secure] <Edlynne1> xd
[26Apr2025 00:33:53.513] [Server thread/INFO] [net.minecraft.server.MinecraftServer/]: [Not Secure] <Edlynne1> gacias
[26Apr2025 00:36:15.809] [Server thread/INFO] [net.minecraft.server.MinecraftServer/]: [Not Secure] <Torig10> jerry
[26Apr2025 00:36:44.118] [Server thread/INFO] [net.minecraft.server.MinecraftServer/]: [Not Secure] <Torig10> jerry
[26Apr2025 00:36:44.228] [Server thread/WARN] [net.minecraft.server.MinecraftServer/]: Can't keep up! Is the server overloaded? Running 2005ms or 40 ticks behind
[26Apr2025 00:36:49.908] [Server thread/INFO] [net.minecraft.server.MinecraftServer/]: Tfue1nfiel was slain by Zombie
[26Apr2025 00:36:49.939] [Server thread/INFO] [tombstone/]: The player Tfue1nfiel has successfully been saved
[26Apr2025 00:36:50.024] [Netty Epoll Server IO #4/ERROR] [net.bettercombat.network.ServerNetwork/]: Server handling Packets.C2S_AttackRequest - No current attack hand!
[26Apr2025 00:36:50.025] [Netty Epoll Server IO #4/ERROR] [net.bettercombat.network.ServerNetwork/]: Combo count: 5 is dual wielding: false
[26Apr2025 00:36:50.025] [Netty Epoll Server IO #4/ERROR] [net.bettercombat.network.ServerNetwork/]: Main-hand stack: 0 air
[26Apr2025 00:36:50.025] [Netty Epoll Server IO #4/ERROR] [net.bettercombat.network.ServerNetwork/]: Off-hand stack: 0 air
[26Apr2025 00:36:50.025] [Netty Epoll Server IO #4/ERROR] [net.bettercombat.network.ServerNetwork/]: Selected slot server: 1 | client: 1
[26Apr2025 00:37:04.729] [Server thread/WARN] [net.minecraft.server.MinecraftServer/]: Can't keep up! Is the server overloaded? Running 2005ms or 40 ticks behind
[26Apr2025 00:37:08.574] [Server thread/INFO] [net.minecraft.server.MinecraftServer/]: [Not Secure] <o8h_msmc_jw5> a
[26Apr2025 00:37:09.527] [Server thread/INFO] [net.minecraft.server.MinecraftServer/]: [Not Secure] <o8h_msmc_jw5> a
[26Apr2025 00:37:29.743] [Server thread/INFO] [net.minecraft.server.MinecraftServer/]: [Not Secure] <Torig10> tienes el mana pool?
[26Apr2025 00:37:40.179] [Server thread/INFO] [net.minecraft.server.MinecraftServer/]: [Not Secure] <o8h_msmc_jw5> sis
[26Apr2025 00:37:48.575] [Server thread/WARN] [net.minecraft.server.MinecraftServer/]: Can't keep up! Is the server overloaded? Running 2001ms or 40 ticks behind
[26Apr2025 00:38:05.811] [Server thread/WARN] [net.minecraft.server.MinecraftServer/]: Can't keep up! Is the server overloaded? Running 2238ms or 44 ticks behind
[26Apr2025 00:38:08.150] [Server thread/INFO] [net.minecraft.server.MinecraftServer/]: Shadow_Mijal has made the advancement [Sky of Beginning]
[26Apr2025 00:38:23.772] [Server thread/WARN] [net.minecraft.server.MinecraftServer/]: Can't keep up! Is the server overloaded? Running 2999ms or 59 ticks behind
[26Apr2025 00:38:41.475] [Server thread/WARN] [net.minecraft.server.MinecraftServer/]: Can't keep up! Is the server overloaded? Running 2752ms or 55 ticks behind
[26Apr2025 00:39:00.822] [Server thread/WARN] [net.minecraft.server.MinecraftServer/]: Can't keep up! Is the server overloaded? Running 4348ms or 86 ticks behind
[26Apr2025 00:39:19.181] [Server thread/WARN] [net.minecraft.server.MinecraftServer/]: Can't keep up! Is the server overloaded? Running 3408ms or 68 ticks behind
[26Apr2025 00:39:36.611] [Server thread/WARN] [net.minecraft.server.MinecraftServer/]: Can't keep up! Is the server overloaded? Running 2437ms or 48 ticks behind
[26Apr2025 00:39:53.626] [Server thread/WARN] [net.minecraft.server.MinecraftServer/]: Can't keep up! Is the server overloaded? Running 2003ms or 40 ticks behind
[26Apr2025 00:40:16.130] [Server thread/WARN] [net.minecraft.server.MinecraftServer/]: Can't keep up! Is the server overloaded? Running 2006ms or 40 ticks behind
[26Apr2025 00:40:30.449] [Server thread/INFO] [net.minecraft.server.MinecraftServer/]: Tfue1nfiel tried to swim in lava
[26Apr2025 00:40:30.450] [Server thread/INFO] [com.tiviacz.travelersbackpack.TravelersBackpack/]: Created new backpack backup file for Tfue1nfiel with unique ID travelersbackpack.iron_26.04.2025-00.40.30.dat
[26Apr2025 00:40:30.459] [Server thread/INFO] [tombstone/]: The player Tfue1nfiel has successfully been saved
[26Apr2025 00:40:41.939] [Server thread/WARN] [net.minecraft.server.MinecraftServer/]: Can't keep up! Is the server overloaded? Running 2015ms or 40 ticks behind
[26Apr2025 00:41:18.975] [Server thread/INFO] [net.minecraft.server.MinecraftServer/]: Tfue1nfiel has reached the goal [Discreet Search]
[26Apr2025 00:41:18.982] [Server thread/WARN] [net.minecraft.server.MinecraftServer/]: Can't keep up! Is the server overloaded? Running 2009ms or 40 ticks behind
[26Apr2025 00:41:29.728] [Server thread/INFO] [net.minecraft.server.network.ServerGamePacketListenerImpl/]: Cronotermio lost connection: Disconnected
[26Apr2025 00:41:29.729] [Server thread/INFO] [net.minecraft.server.MinecraftServer/]: Cronotermio left the game
[26Apr2025 00:41:29.730] [Server thread/INFO] [voicechat/]: [voicechat] Disconnecting client Cronotermio
[26Apr2025 00:41:43.474] [Server thread/INFO] [net.minecraft.server.MinecraftServer/]: Tfue1nfiel has made the advancement [Getting an Upgrade]
[26Apr2025 00:42:10.586] [Server thread/INFO] [net.minecraft.server.MinecraftServer/]: [Not Secure] <Torig10> c
[26Apr2025 00:42:15.820] [Server thread/INFO] [net.minecraft.server.MinecraftServer/]: [Not Secure] <Edlynne1> kkli
[26Apr2025 00:42:18.962] [Server thread/INFO] [net.minecraft.server.MinecraftServer/]: [Not Secure] <Edlynne1> ayudame
[26Apr2025 00:42:22.041] [Server thread/INFO] [net.minecraft.server.MinecraftServer/]: [Not Secure] <ElAkakali> que paso
[26Apr2025 00:42:24.329] [Server thread/INFO] [net.minecraft.server.MinecraftServer/]: [Not Secure] <Torig10> es que necesito papa sin cocinar, la cague y me lo comi
[26Apr2025 00:42:27.002] [Server thread/INFO] [net.minecraft.server.MinecraftServer/]: [Not Secure] <Edlynne1> puedes hacer faroles?
[26Apr2025 00:42:32.046] [Server thread/INFO] [net.minecraft.server.MinecraftServer/]: [Not Secure] <ElAkakali> XD
[26Apr2025 00:42:35.405] [Server thread/INFO] [net.minecraft.server.MinecraftServer/]: [Not Secure] <ElAkakali> ya
[26Apr2025 00:42:38.483] [Server thread/INFO] [net.minecraft.server.MinecraftServer/]: [Not Secure] <o8h_msmc_jw5> XD
[26Apr2025 00:43:39.161] [Server thread/INFO] [net.minecraft.server.MinecraftServer/]: Torig10 has made the advancement [Not of Chocolate]
[26Apr2025 00:43:41.446] [Server thread/INFO] [net.minecraft.server.MinecraftServer/]: [Not Secure] <o8h_msmc_jw5> pero vengan a ds muchachos para el lol
[26Apr2025 00:44:06.544] [Server thread/INFO] [net.minecraft.server.MinecraftServer/]: Torig10 has made the advancement [Quickly Applied]
[26Apr2025 00:44:06.883] [Server thread/WARN] [net.minecraft.server.MinecraftServer/]: Can't keep up! Is the server overloaded? Running 2010ms or 40 ticks behind
[26Apr2025 00:44:11.518] [Server thread/INFO] [net.minecraft.server.MinecraftServer/]: Torig10 has made the advancement [Let The Magic Happen]
[26Apr2025 00:44:37.614] [Server thread/INFO] [net.minecraft.server.MinecraftServer/]: Tfue1nfiel has made the advancement [Not Today, Thank You]
[26Apr2025 00:44:41.615] [Server thread/INFO] [net.minecraft.server.MinecraftServer/]: Tfue1nfiel was shot by Skeleton
[26Apr2025 00:44:41.616] [Server thread/INFO] [com.tiviacz.travelersbackpack.TravelersBackpack/]: Created new backpack backup file for Tfue1nfiel with unique ID travelersbackpack.iron_26.04.2025-00.44.41.dat
[26Apr2025 00:44:41.622] [Server thread/INFO] [tombstone/]: The player Tfue1nfiel has successfully been saved
[26Apr2025 00:44:42.970] [Server thread/ERROR] [placebo/]: Failed to locate any gear sets matching the following predicates: 
[26Apr2025 00:44:42.970] [Server thread/ERROR] [placebo/]: SetPredicate[#irons_spellbooks]
[26Apr2025 00:44:49.076] [Server thread/INFO] [net.minecraft.server.MinecraftServer/]: [Not Secure] <ElAkakali> margarita
[26Apr2025 00:44:55.070] [Server thread/INFO] [net.minecraft.server.MinecraftServer/]: Tfue1nfiel has made the advancement [Acquire Hardware]
[26Apr2025 00:44:59.725] [Server thread/INFO] [net.minecraft.server.MinecraftServer/]: [Not Secure] <ElAkakali> ElAkakali
[26Apr2025 00:45:20.351] [Server thread/INFO] [net.minecraft.server.MinecraftServer/]: [Not Secure] <Edlynne1> gracias
[26Apr2025 00:45:38.118] [Server thread/INFO] [net.minecraft.server.MinecraftServer/]: [Not Secure] <ElAkakali> ola
[26Apr2025 00:45:38.518] [Server thread/INFO] [net.minecraft.server.MinecraftServer/]: Shadow_Mijal has made the advancement [Acquire Hardware]
[26Apr2025 00:45:42.763] [Server thread/INFO] [net.minecraft.server.MinecraftServer/]: [Not Secure] <Tfue1nfiel> wa
[26Apr2025 00:45:43.820] [Server thread/INFO] [net.minecraft.server.MinecraftServer/]: [Not Secure] <ElAkakali> ElAkakali
[26Apr2025 00:46:23.469] [Server thread/INFO] [net.minecraft.server.MinecraftServer/]: ElAkakali has made the advancement [Ambush]
[26Apr2025 00:46:36.630] [Server thread/INFO] [net.minecraft.server.MinecraftServer/]: Torig10 has reached the goal [Leeroy Is Back]
[26Apr2025 00:47:52.374] [Server thread/INFO] [net.minecraft.server.MinecraftServer/]: [Not Secure] <Edlynne1> ola
[26Apr2025 00:47:56.113] [Server thread/INFO] [net.minecraft.server.MinecraftServer/]: [Not Secure] <o8h_msmc_jw5> oal
[26Apr2025 00:47:56.662] [Server thread/INFO] [net.minecraft.server.MinecraftServer/]: [Not Secure] <Shadow_Mijal> hi
[26Apr2025 00:47:56.967] [Server thread/INFO] [net.minecraft.server.network.ServerGamePacketListenerImpl/]: Torig10 lost connection: Disconnected
[26Apr2025 00:47:56.967] [Server thread/INFO] [net.minecraft.server.MinecraftServer/]: Torig10 left the game
[26Apr2025 00:47:56.968] [Server thread/INFO] [voicechat/]: [voicechat] Disconnecting client Torig10
[26Apr2025 00:48:03.852] [Server thread/INFO] [net.minecraft.server.MinecraftServer/]: Tfue1nfiel has made the advancement [Alex's Caves]
[26Apr2025 00:49:37.056] [Server thread/INFO] [net.minecraft.server.MinecraftServer/]: Tfue1nfiel was shot by Forgotten
[26Apr2025 00:49:37.057] [Server thread/INFO] [com.tiviacz.travelersbackpack.TravelersBackpack/]: Created new backpack backup file for Tfue1nfiel with unique ID travelersbackpack.iron_26.04.2025-00.49.37.dat
[26Apr2025 00:49:37.062] [Server thread/INFO] [tombstone/]: The player Tfue1nfiel has successfully been saved
[26Apr2025 00:51:58.552] [Server thread/INFO] [net.minecraft.world.entity.LivingEntity/]: Named entity Vindicator['Joan the Boring'/192888, l='ServerLevel[world]', x=-798.49, y=-45.00, z=-1319.67] died: Joan the Boring was slain by Spectral Wolf
[26Apr2025 00:52:23.304] [Server thread/INFO] [net.minecraft.server.MinecraftServer/]: Tfue1nfiel has completed the challenge [He Wasn't So Strong]
[26Apr2025 00:53:48.092] [Server thread/INFO] [net.minecraft.world.entity.LivingEntity/]: Named entity Skeleton['Honeyed Archer'/192505, l='ServerLevel[world]', x=-800.65, y=73.25, z=-1263.56] died: Honeyed Archer suffocated in a wall
[26Apr2025 00:54:18.233] [Server thread/WARN] [net.minecraft.server.MinecraftServer/]: Can't keep up! Is the server overloaded? Running 2009ms or 40 ticks behind
[26Apr2025 00:54:38.067] [Server thread/WARN] [net.minecraft.server.MinecraftServer/]: Can't keep up! Is the server overloaded? Running 4843ms or 96 ticks behind
[26Apr2025 00:54:57.891] [Server thread/WARN] [net.minecraft.server.MinecraftServer/]: Can't keep up! Is the server overloaded? Running 4867ms or 97 ticks behind
[26Apr2025 00:55:05.786] [Server thread/INFO] [net.minecraft.server.MinecraftServer/]: Tfue1nfiel has made the advancement [Ambush]
[26Apr2025 00:55:18.677] [Server thread/WARN] [net.minecraft.server.MinecraftServer/]: Can't keep up! Is the server overloaded? Running 5803ms or 116 ticks behind
[26Apr2025 00:55:39.025] [Server thread/WARN] [net.minecraft.server.MinecraftServer/]: Can't keep up! Is the server overloaded? Running 5352ms or 107 ticks behind
[26Apr2025 00:55:59.364] [Server thread/WARN] [net.minecraft.server.MinecraftServer/]: Can't keep up! Is the server overloaded? Running 5340ms or 106 ticks behind
[26Apr2025 00:56:00.123] [Server thread/WARN] [net.minecraft.server.level.ServerPlayerGameMode/]: Mismatch in destroy block pos: BlockPos{x=-540, y=89, z=-1167} BlockPos{x=-538, y=87, z=-1167}
[26Apr2025 00:56:00.966] [Server thread/WARN] [net.minecraft.server.level.ServerPlayerGameMode/]: Mismatch in destroy block pos: BlockPos{x=-538, y=89, z=-1168} BlockPos{x=-537, y=87, z=-1167}
[26Apr2025 00:56:01.010] [Server thread/WARN] [net.minecraft.server.level.ServerPlayerGameMode/]: Mismatch in destroy block pos: BlockPos{x=-538, y=89, z=-1168} BlockPos{x=-537, y=87, z=-1167}
[26Apr2025 00:56:01.512] [Server thread/WARN] [net.minecraft.server.level.ServerPlayerGameMode/]: Mismatch in destroy block pos: BlockPos{x=-537, y=89, z=-1167} BlockPos{x=-538, y=87, z=-1166}
[26Apr2025 00:56:01.567] [Server thread/WARN] [net.minecraft.server.level.ServerPlayerGameMode/]: Mismatch in destroy block pos: BlockPos{x=-537, y=89, z=-1167} BlockPos{x=-538, y=87, z=-1166}
[26Apr2025 00:56:02.960] [Server thread/INFO] [net.minecraft.server.MinecraftServer/]: Tfue1nfiel was shot by Pillager
[26Apr2025 00:56:02.964] [Server thread/INFO] [com.tiviacz.travelersbackpack.TravelersBackpack/]: Created new backpack backup file for Tfue1nfiel with unique ID travelersbackpack.iron_26.04.2025-00.56.02.dat
[26Apr2025 00:56:02.972] [Server thread/INFO] [tombstone/]: The player Tfue1nfiel has successfully been saved
[26Apr2025 00:56:18.316] [Server thread/INFO] [net.minecraft.server.MinecraftServer/]: Tfue1nfiel has made the advancement [Isn't It Iron Pick]
[26Apr2025 00:57:04.167] [Server thread/WARN] [net.minecraft.server.level.ServerPlayerGameMode/]: Mismatch in destroy block pos: BlockPos{x=-537, y=89, z=-1170} BlockPos{x=-538, y=87, z=-1171}
[26Apr2025 00:57:04.923] [Server thread/WARN] [net.minecraft.server.level.ServerPlayerGameMode/]: Mismatch in destroy block pos: BlockPos{x=-539, y=89, z=-1169} BlockPos{x=-540, y=87, z=-1170}
[26Apr2025 00:57:04.974] [Server thread/WARN] [net.minecraft.server.level.ServerPlayerGameMode/]: Mismatch in destroy block pos: BlockPos{x=-539, y=89, z=-1169} BlockPos{x=-540, y=87, z=-1170}
[26Apr2025 00:57:05.132] [Server thread/WARN] [net.minecraft.server.level.ServerPlayerGameMode/]: Mismatch in destroy block pos: BlockPos{x=-540, y=89, z=-1169} BlockPos{x=-541, y=87, z=-1169}
[26Apr2025 00:57:05.182] [Server thread/WARN] [net.minecraft.server.level.ServerPlayerGameMode/]: Mismatch in destroy block pos: BlockPos{x=-539, y=89, z=-1168} BlockPos{x=-541, y=87, z=-1169}
[26Apr2025 00:57:05.267] [Server thread/WARN] [net.minecraft.server.level.ServerPlayerGameMode/]: Mismatch in destroy block pos: BlockPos{x=-540, y=89, z=-1168} BlockPos{x=-541, y=87, z=-1169}
[26Apr2025 00:57:05.268] [Server thread/WARN] [net.minecraft.server.level.ServerPlayerGameMode/]: Mismatch in destroy block pos: BlockPos{x=-540, y=89, z=-1168} BlockPos{x=-541, y=87, z=-1169}
[26Apr2025 00:57:05.315] [Server thread/WARN] [net.minecraft.server.level.ServerPlayerGameMode/]: Mismatch in destroy block pos: BlockPos{x=-540, y=89, z=-1168} BlockPos{x=-541, y=87, z=-1169}
[26Apr2025 01:00:06.058] [Server thread/INFO] [net.minecraft.server.MinecraftServer/]: ElAkakali was slain by Dame Sean the Toasty
[26Apr2025 01:00:06.074] [Server thread/INFO] [com.tiviacz.travelersbackpack.TravelersBackpack/]: Created new backpack backup file for ElAkakali with unique ID travelersbackpack.enderman_26.04.2025-01.00.06.dat
[26Apr2025 01:00:06.082] [Server thread/INFO] [tombstone/]: The player ElAkakali has successfully been saved
[26Apr2025 01:00:30.473] [Server thread/INFO] [net.minecraft.server.MinecraftServer/]: [Not Secure] [Server] me duele los riñones
[26Apr2025 01:00:43.803] [Server thread/INFO] [net.minecraft.server.MinecraftServer/]: ElAkakali was slain by Dame Sean the Toasty
[26Apr2025 01:00:43.812] [Server thread/INFO] [com.tiviacz.travelersbackpack.TravelersBackpack/]: Created new backpack backup file for ElAkakali with unique ID travelersbackpack.enderman_26.04.2025-01.00.43.dat
[26Apr2025 01:00:43.844] [Server thread/INFO] [tombstone/]: The player ElAkakali has successfully been saved
[26Apr2025 01:00:44.713] [Server thread/INFO] [net.minecraft.server.MinecraftServer/]: [Not Secure] <Edlynne1> F
[26Apr2025 01:00:47.469] [Server thread/INFO] [net.minecraft.server.MinecraftServer/]: [Not Secure] <Tfue1nfiel> tienes syda
[26Apr2025 01:00:52.460] [Server thread/INFO] [net.minecraft.server.MinecraftServer/]: [Not Secure] <ElAkakali> no ayudas pi maria
[26Apr2025 01:01:03.220] [Server thread/INFO] [net.minecraft.server.MinecraftServer/]: [Not Secure] <Edlynne1> a
[26Apr2025 01:01:06.404] [Server thread/INFO] [net.minecraft.server.MinecraftServer/]: ElAkakali was slain by Dame Sean the Toasty
[26Apr2025 01:01:06.413] [Server thread/INFO] [com.tiviacz.travelersbackpack.TravelersBackpack/]: Created new backpack backup file for ElAkakali with unique ID travelersbackpack.enderman_26.04.2025-01.01.06.dat
[26Apr2025 01:01:06.427] [Server thread/INFO] [tombstone/]: The player ElAkakali has successfully been saved
[26Apr2025 01:01:06.472] [Netty Epoll Server IO #0/ERROR] [net.bettercombat.network.ServerNetwork/]: Server handling Packets.C2S_AttackRequest - No current attack hand!
[26Apr2025 01:01:06.472] [Netty Epoll Server IO #0/ERROR] [net.bettercombat.network.ServerNetwork/]: Combo count: 13 is dual wielding: false
[26Apr2025 01:01:06.473] [Netty Epoll Server IO #0/ERROR] [net.bettercombat.network.ServerNetwork/]: Main-hand stack: 0 air
[26Apr2025 01:01:06.473] [Netty Epoll Server IO #0/ERROR] [net.bettercombat.network.ServerNetwork/]: Off-hand stack: 0 air
[26Apr2025 01:01:06.473] [Netty Epoll Server IO #0/ERROR] [net.bettercombat.network.ServerNetwork/]: Selected slot server: 0 | client: 0
[26Apr2025 01:01:19.420] [Server thread/INFO] [net.minecraft.world.entity.LivingEntity/]: Named entity Vindicator['Dame Sean the Toasty'/195948, l='ServerLevel[world]', x=-462.58, y=-11.00, z=-1263.11] died: Dame Sean the Toasty was slain by ElAkakali
[26Apr2025 01:01:20.462] [Server thread/INFO] [net.minecraft.server.MinecraftServer/]: Shadow_Mijal has made the advancement [Sweet Dreams]
[26Apr2025 01:01:24.069] [Server thread/INFO] [net.minecraft.server.MinecraftServer/]: ElAkakali has completed the challenge [He Wasn't So Strong]
[26Apr2025 01:01:24.069] [Server thread/INFO] [net.minecraft.server.MinecraftServer/]: ElAkakali has reached the goal [Worthy Equipment]
[26Apr2025 01:01:48.852] [Server thread/INFO] [net.minecraft.server.MinecraftServer/]: o8h_msmc_jw5 was slain by Zombie
[26Apr2025 01:01:48.858] [Server thread/INFO] [com.tiviacz.travelersbackpack.TravelersBackpack/]: Created new backpack backup file for o8h_msmc_jw5 with unique ID travelersbackpack.standard_26.04.2025-01.01.48.dat
[26Apr2025 01:01:48.874] [Server thread/INFO] [tombstone/]: The player o8h_msmc_jw5 has successfully been saved
[26Apr2025 01:01:48.907] [Server thread/INFO] [net.minecraft.server.MinecraftServer/]: Tfue1nfiel was slain by Zombie
[26Apr2025 01:01:48.909] [Server thread/INFO] [com.tiviacz.travelersbackpack.TravelersBackpack/]: Created new backpack backup file for Tfue1nfiel with unique ID travelersbackpack.iron_26.04.2025-01.01.48.dat
[26Apr2025 01:01:48.921] [Server thread/INFO] [tombstone/]: The player Tfue1nfiel has successfully been saved
[26Apr2025 01:01:48.964] [Netty Epoll Server IO #4/ERROR] [net.bettercombat.network.ServerNetwork/]: Server handling Packets.C2S_AttackRequest - No current attack hand!
[26Apr2025 01:01:48.965] [Netty Epoll Server IO #4/ERROR] [net.bettercombat.network.ServerNetwork/]: Combo count: 3 is dual wielding: false
[26Apr2025 01:01:48.965] [Netty Epoll Server IO #4/ERROR] [net.bettercombat.network.ServerNetwork/]: Main-hand stack: 0 air
[26Apr2025 01:01:48.965] [Netty Epoll Server IO #4/ERROR] [net.bettercombat.network.ServerNetwork/]: Off-hand stack: 0 air
[26Apr2025 01:01:48.965] [Netty Epoll Server IO #4/ERROR] [net.bettercombat.network.ServerNetwork/]: Selected slot server: 1 | client: 1
[26Apr2025 01:02:12.997] [Server thread/INFO] [net.minecraft.server.MinecraftServer/]: o8h_msmc_jw5 was blown up by Creeper
[26Apr2025 01:02:13.004] [Server thread/INFO] [com.tiviacz.travelersbackpack.TravelersBackpack/]: Created new backpack backup file for o8h_msmc_jw5 with unique ID travelersbackpack.standard_26.04.2025-01.02.12.dat
[26Apr2025 01:02:13.034] [Server thread/INFO] [tombstone/]: The player o8h_msmc_jw5 has successfully been saved
[26Apr2025 01:02:19.113] [Server thread/INFO] [net.minecraft.server.MinecraftServer/]: [Not Secure] <Shadow_Mijal> kwodjapdo
[26Apr2025 01:02:27.449] [Server thread/INFO] [net.minecraft.server.MinecraftServer/]: Tfue1nfiel has reached the goal [Bone Crusher]
[26Apr2025 01:02:29.818] [Server thread/INFO] [net.minecraft.server.MinecraftServer/]: [Not Secure] <Shadow_Mijal> escuche eso
[26Apr2025 01:03:23.601] [Server thread/INFO] [net.minecraft.server.MinecraftServer/]: Tfue1nfiel was slain by Cave Spider
[26Apr2025 01:03:23.603] [Server thread/INFO] [com.tiviacz.travelersbackpack.TravelersBackpack/]: Created new backpack backup file for Tfue1nfiel with unique ID travelersbackpack.iron_26.04.2025-01.03.23.dat
[26Apr2025 01:03:23.616] [Server thread/INFO] [tombstone/]: The player Tfue1nfiel has successfully been saved
[26Apr2025 01:04:16.864] [Server thread/INFO] [net.minecraft.server.MinecraftServer/]: [Not Secure] <o8h_msmc_jw5> maria, akali mickey dice lol
[26Apr2025 01:04:29.112] [Server thread/INFO] [net.minecraft.server.MinecraftServer/]: [Not Secure] <ElAkakali> ma tarde
[26Apr2025 01:04:40.464] [Server thread/INFO] [net.minecraft.server.MinecraftServer/]: [Not Secure] <Edlynne1> pq ma tarde kli
[26Apr2025 01:04:46.415] [Server thread/INFO] [net.minecraft.server.MinecraftServer/]: [Not Secure] <o8h_msmc_jw5> nos odias?
[26Apr2025 01:07:07.115] [Server thread/INFO] [net.minecraft.server.MinecraftServer/]: [Not Secure] <Edlynne1> termine ugu
[26Apr2025 01:07:21.841] [Server thread/INFO] [net.minecraft.server.MinecraftServer/]: [Not Secure] <o8h_msmc_jw5> ta bomnito
[26Apr2025 01:07:32.466] [Server thread/INFO] [net.minecraft.server.MinecraftServer/]: [Not Secure] <Edlynne1> osea solo falta el techo pero ya mñn
[26Apr2025 01:07:33.223] [Server thread/INFO] [net.minecraft.server.MinecraftServer/]: [Not Secure] <Edlynne1> xd
[26Apr2025 01:07:33.673] [Server thread/INFO] [net.minecraft.server.MinecraftServer/]: [Not Secure] <o8h_msmc_jw5> aestetik
[26Apr2025 01:08:01.468] [ForkJoinPool.commonPool-worker-46/WARN] [SkinRestorer/]: Failed to fetch skin: not found
[26Apr2025 01:08:01.494] [Server thread/INFO] [net.minecraft.server.players.PlayerList/]: _BandoWasHere_[/127.215.170.189:48023] logged in with entity id 232215 at (-498.05208544002414, 63.0, 1127.6251843115817)
[26Apr2025 01:08:01.525] [Server thread/INFO] [net.minecraft.server.MinecraftServer/]: _BandoWasHere_ joined the game
[26Apr2025 01:08:01.546] [Server thread/INFO] [Jade/]: Syncing config to _BandoWasHere_ (58f61f4f-611c-3ed4-9dc8-bf9e6173bf1f)
[26Apr2025 01:08:03.256] [Server thread/INFO] [voicechat/]: [voicechat] Received secret request of _BandoWasHere_ (18)
[26Apr2025 01:08:03.257] [Server thread/INFO] [voicechat/]: [voicechat] Sent secret to _BandoWasHere_
[26Apr2025 01:08:06.584] [Server thread/WARN] [net.minecraft.server.MinecraftServer/]: Can't keep up! Is the server overloaded? Running 2010ms or 40 ticks behind
[26Apr2025 01:08:25.711] [Server thread/WARN] [net.minecraft.server.MinecraftServer/]: Can't keep up! Is the server overloaded? Running 4138ms or 82 ticks behind
[26Apr2025 01:08:28.695] [Server thread/INFO] [net.minecraft.server.MinecraftServer/]: [Not Secure] <o8h_msmc_jw5> alguien tiene champiñones?
[26Apr2025 01:08:44.301] [Server thread/WARN] [net.minecraft.server.MinecraftServer/]: Can't keep up! Is the server overloaded? Running 3627ms or 72 ticks behind
[26Apr2025 01:09:03.272] [Server thread/WARN] [net.minecraft.server.MinecraftServer/]: Can't keep up! Is the server overloaded? Running 3998ms or 79 ticks behind
[26Apr2025 01:09:15.327] [Server thread/INFO] [net.minecraft.server.MinecraftServer/]: [Not Secure] <Edlynne1> tengo 14
[26Apr2025 01:09:18.903] [Server thread/INFO] [net.minecraft.server.MinecraftServer/]: [Not Secure] <Tfue1nfiel> q
[26Apr2025 01:09:21.146] [Server thread/INFO] [net.minecraft.server.MinecraftServer/]: [Not Secure] <o8h_msmc_jw5> uuy dame 3 porfa
[26Apr2025 01:09:21.206] [Server thread/WARN] [net.minecraft.server.MinecraftServer/]: Can't keep up! Is the server overloaded? Running 2983ms or 59 ticks behind
[26Apr2025 01:09:30.255] [Server thread/INFO] [net.minecraft.server.MinecraftServer/]: [Not Secure] <o8h_msmc_jw5> ty
[26Apr2025 01:09:37.381] [Server thread/INFO] [net.minecraft.server.MinecraftServer/]: [Not Secure] <ElAkakali> tiene 14 añitos
[26Apr2025 01:09:38.917] [Server thread/INFO] [net.minecraft.server.MinecraftServer/]: [Not Secure] <Edlynne1> 3 de 14?
[26Apr2025 01:09:38.917] [Server thread/WARN] [net.minecraft.server.MinecraftServer/]: Can't keep up! Is the server overloaded? Running 2744ms or 54 ticks behind
[26Apr2025 01:09:42.083] [Server thread/INFO] [net.minecraft.server.MinecraftServer/]: [Not Secure] <Edlynne1> jerry?
[26Apr2025 01:09:55.926] [Server thread/WARN] [net.minecraft.server.MinecraftServer/]: Can't keep up! Is the server overloaded? Running 2052ms or 41 ticks behind
[26Apr2025 01:10:15.227] [Server thread/WARN] [net.minecraft.server.MinecraftServer/]: Can't keep up! Is the server overloaded? Running 4303ms or 86 ticks behind
[26Apr2025 01:10:34.916] [Server thread/INFO] [net.minecraft.server.MinecraftServer/]: [Not Secure] <Edlynne1> ola
[26Apr2025 01:10:38.421] [Server thread/INFO] [net.minecraft.server.MinecraftServer/]: [Not Secure] <Tfue1nfiel> hi
[26Apr2025 01:10:46.475] [Server thread/INFO] [net.minecraft.server.MinecraftServer/]: [Not Secure] <o8h_msmc_jw5> oal
[26Apr2025 01:10:58.920] [Server thread/INFO] [net.minecraft.server.MinecraftServer/]: [Not Secure] <o8h_msmc_jw5> los deje en el cofre los otros 11
[26Apr2025 01:11:02.838] [Server thread/INFO] [net.minecraft.server.MinecraftServer/]: [Not Secure] <o8h_msmc_jw5> ya pero sale lol?
[26Apr2025 01:11:03.124] [Server thread/WARN] [net.minecraft.server.MinecraftServer/]: Can't keep up! Is the server overloaded? Running 2001ms or 40 ticks behind
[26Apr2025 01:11:05.606] [Server thread/INFO] [net.minecraft.server.MinecraftServer/]: [Not Secure] <Edlynne1> gogo
[26Apr2025 01:11:09.448] [Server thread/INFO] [net.minecraft.server.MinecraftServer/]: [Not Secure] <Edlynne1> voy entrando
[26Apr2025 01:11:12.372] [Server thread/INFO] [net.minecraft.server.MinecraftServer/]: [Not Secure] <o8h_msmc_jw5> ven estoy con micky
[26Apr2025 01:11:19.995] [Server thread/INFO] [net.minecraft.server.MinecraftServer/]: Tfue1nfiel fell from a high place
[26Apr2025 01:11:19.997] [Server thread/INFO] [com.tiviacz.travelersbackpack.TravelersBackpack/]: Created new backpack backup file for Tfue1nfiel with unique ID travelersbackpack.iron_26.04.2025-01.11.19.dat
[26Apr2025 01:11:19.998] [Server thread/INFO] [tombstone/]: The player Tfue1nfiel has successfully been saved
[26Apr2025 01:15:15.769] [Server thread/INFO] [net.minecraft.server.MinecraftServer/]: [Not Secure] <Edlynne1> mi flauta?
[26Apr2025 01:15:21.363] [Server thread/INFO] [net.minecraft.server.MinecraftServer/]: [Not Secure] <Tfue1nfiel> xd
[26Apr2025 01:15:25.118] [Server thread/INFO] [net.minecraft.server.MinecraftServer/]: [Not Secure] <ElAkakali> :v
[26Apr2025 01:15:34.522] [Server thread/INFO] [net.minecraft.server.MinecraftServer/]: [Not Secure] <Edlynne1> -.-
[26Apr2025 01:15:40.228] [Server thread/INFO] [net.minecraft.server.MinecraftServer/]: [Not Secure] <ElAkakali> maria
[26Apr2025 01:15:42.921] [Server thread/INFO] [net.minecraft.server.MinecraftServer/]: [Not Secure] <ElAkakali> que mejora tienes
[26Apr2025 01:15:45.623] [Server thread/INFO] [net.minecraft.server.MinecraftServer/]: [Not Secure] <ElAkakali> en la mochila?
[26Apr2025 01:15:54.617] [Server thread/INFO] [net.minecraft.server.MinecraftServer/]: [Not Secure] <Edlynne1> no se
[26Apr2025 01:15:56.558] [Server thread/INFO] [net.minecraft.server.MinecraftServer/]: [Not Secure] <Edlynne1> no me hables
[26Apr2025 01:16:00.189] [Server thread/INFO] [net.minecraft.server.MinecraftServer/]: [Not Secure] <ElAkakali> asumare
[26Apr2025 01:16:02.863] [Server thread/INFO] [net.minecraft.server.MinecraftServer/]: [Not Secure] <ElAkakali> asison
[26Apr2025 01:16:08.008] [Server thread/INFO] [net.minecraft.server.MinecraftServer/]: [Not Secure] <Edlynne1> ladron
[26Apr2025 01:16:10.724] [Server thread/INFO] [net.minecraft.server.MinecraftServer/]: [Not Secure] <Edlynne1> de flautas
[26Apr2025 01:16:11.946] [Server thread/INFO] [net.minecraft.server.MinecraftServer/]: [Not Secure] <Edlynne1> :c
[26Apr2025 01:16:14.958] [Server thread/INFO] [net.minecraft.server.MinecraftServer/]: [Not Secure] <Tfue1nfiel> xd
[26Apr2025 01:16:15.458] [Server thread/INFO] [net.minecraft.server.MinecraftServer/]: [Not Secure] <ElAkakali> XD
[26Apr2025 01:16:23.934] [Server thread/INFO] [net.minecraft.server.MinecraftServer/]: [Not Secure] <Tfue1nfiel> webadas
[26Apr2025 01:16:28.030] [Server thread/INFO] [net.minecraft.server.network.ServerGamePacketListenerImpl/]: Shadow_Mijal lost connection: Disconnected
[26Apr2025 01:16:28.031] [Server thread/INFO] [net.minecraft.server.MinecraftServer/]: Shadow_Mijal left the game
[26Apr2025 01:16:28.031] [Server thread/INFO] [voicechat/]: [voicechat] Disconnecting client Shadow_Mijal
[26Apr2025 01:16:30.805] [Server thread/INFO] [net.minecraft.server.MinecraftServer/]: [Not Secure] <Edlynne1> ?
[26Apr2025 01:16:34.465] [Server thread/INFO] [net.minecraft.server.MinecraftServer/]: [Not Secure] <ElAkakali> dime pue
[26Apr2025 01:16:36.667] [Server thread/INFO] [net.minecraft.server.MinecraftServer/]: [Not Secure] <ElAkakali> que mejora tienes
[26Apr2025 01:16:45.412] [Server thread/INFO] [net.minecraft.server.MinecraftServer/]: [Not Secure] <Edlynne1> hasta oro
[26Apr2025 01:17:02.204] [Server thread/INFO] [net.minecraft.server.MinecraftServer/]: [Not Secure] <ElAkakali> toma
[26Apr2025 01:17:17.907] [Server thread/INFO] [net.minecraft.server.MinecraftServer/]: [Not Secure] <Edlynne1> y ahora donde lo mejoro
[26Apr2025 01:17:18.354] [Server thread/INFO] [net.minecraft.server.MinecraftServer/]: [Not Secure] <o8h_msmc_jw5> y para mi? ><
[26Apr2025 01:17:32.450] [Server thread/INFO] [net.minecraft.server.MinecraftServer/]: [Not Secure] <ElAkakali> aca
[26Apr2025 01:17:46.312] [Server thread/INFO] [net.minecraft.server.MinecraftServer/]: [Not Secure] <ElAkakali> pon cuero
[26Apr2025 01:17:49.618] [Server thread/INFO] [net.minecraft.server.MinecraftServer/]: [Not Secure] <ElAkakali> y eso
[26Apr2025 01:17:52.254] [Server thread/INFO] [net.minecraft.server.MinecraftServer/]: [Not Secure] <ElAkakali> y tu mochila
[26Apr2025 01:17:59.861] [Server thread/INFO] [net.minecraft.server.MinecraftServer/]: [Not Secure] <Edlynne1> xd
[26Apr2025 01:18:36.704] [Server thread/INFO] [net.minecraft.server.MinecraftServer/]: [Not Secure] <ElAkakali> toma jerry
[26Apr2025 01:18:42.960] [Server thread/INFO] [net.minecraft.server.MinecraftServer/]: [Not Secure] <o8h_msmc_jw5> aver
[26Apr2025 01:18:54.167] [Server thread/INFO] [net.minecraft.server.MinecraftServer/]: [Not Secure] <o8h_msmc_jw5> goood
[26Apr2025 01:18:54.761] [Server thread/INFO] [net.minecraft.server.network.ServerGamePacketListenerImpl/]: Tfue1nfiel lost connection: Disconnected
[26Apr2025 01:18:54.761] [Server thread/INFO] [net.minecraft.server.MinecraftServer/]: Tfue1nfiel left the game
[26Apr2025 01:18:54.762] [Server thread/INFO] [voicechat/]: [voicechat] Disconnecting client Tfue1nfiel
[26Apr2025 01:19:01.409] [Server thread/INFO] [net.minecraft.server.MinecraftServer/]: [Not Secure] <ElAkakali> mejoren sus mochilas
[26Apr2025 01:19:04.359] [Server thread/INFO] [net.minecraft.server.MinecraftServer/]: [Not Secure] <o8h_msmc_jw5> humilde
[26Apr2025 01:19:17.003] [Server thread/INFO] [net.minecraft.server.MinecraftServer/]: [Not Secure] <Edlynne1> gracias kkli
[26Apr2025 01:19:21.009] [Server thread/INFO] [net.minecraft.server.MinecraftServer/]: [Not Secure] <Edlynne1> te perdono todo
[26Apr2025 01:19:40.203] [Server thread/INFO] [net.minecraft.server.MinecraftServer/]: [Not Secure] <ElAkakali> las mujeres solo se las puede calmar con plata
[26Apr2025 01:19:41.853] [Server thread/INFO] [net.minecraft.server.MinecraftServer/]: [Not Secure] <ElAkakali> asison
[26Apr2025 01:20:06.356] [Server thread/INFO] [net.minecraft.server.MinecraftServer/]: [Not Secure] <o8h_msmc_jw5> uwu?
[26Apr2025 01:20:09.170] [Server thread/INFO] [net.minecraft.server.MinecraftServer/]: [Not Secure] <o8h_msmc_jw5> ya pero
[26Apr2025 01:20:12.705] [Server thread/INFO] [net.minecraft.server.MinecraftServer/]: [Not Secure] <o8h_msmc_jw5> alguien quiere jugar lol?
[26Apr2025 01:20:23.152] [Server thread/INFO] [net.minecraft.server.MinecraftServer/]: [Not Secure] <Edlynne1> kli pq no entras al dc
[26Apr2025 01:21:02.106] [Server thread/INFO] [net.minecraft.server.MinecraftServer/]: [Not Secure] <ElAkakali> ma tarde
